[handleMsg]:  {
  key: {
    remoteJid: '595995380999@s.whatsapp.net',
    fromMe: false,
    id: '3A9F3FFF38AEEE2F01FE',
    participant: undefined
  },
  messageTimestamp: 1728526637,
  pushName: 'Marco',
  broadcast: false,
  message: Message {
    conversation: 'bot',
    messageContextInfo: MessageContextInfo {
      deviceListMetadata: [DeviceListMetadata],
      deviceListMetadataVersion: 2,
      messageSecret: [Uint8Array]
    }
  },
  body: 'bot',
  from: '595995380999'
}
[QUEUE_SE_ENVIO]:  {
  ref: 'ans_4b43ff17-ed3d-489e-95e7-e8bc98cfdab2',
  keyword: 'key_6b599c08-4634-49bc-be2a-f29b10082a7c',
  answer: '__call_action__',
  options: {
    media: null,
    buttons: [],
    capture: false,
    child: null,
    delay: 0,
    idle: null,
    ref: null,
    nested: [],
    keyword: {},
    callback: true
  },
  refSerialize: '0ae448975732e0f2c00eff23a1e1311a'
}
[handleMsg]:  {
  key: {
    remoteJid: '595995380999@s.whatsapp.net',
    fromMe: false,
    id: '3A448DAA050070800D2D',
    participant: undefined
  },
  messageTimestamp: 1728526651,
  pushName: 'Marco',
  broadcast: false,
  message: Message {
    conversation: '3919305-9',
    messageContextInfo: MessageContextInfo {
      deviceListMetadata: [DeviceListMetadata],
      deviceListMetadataVersion: 2,
      messageSecret: [Uint8Array]
    }
  },
  body: '3919305-9',
  from: '595995380999'
}
[handleMsg]:  {
  key: {
    remoteJid: '595995380999@s.whatsapp.net',
    fromMe: false,
    id: '3AD4B615D0390BB79457',
    participant: undefined
  },
  messageTimestamp: 1728526665,
  pushName: 'Marco',
  broadcast: false,
  message: Message {
    conversation: '2',
    messageContextInfo: MessageContextInfo {
      deviceListMetadata: [DeviceListMetadata],
      deviceListMetadataVersion: 2,
      messageSecret: [Uint8Array]
    }
  },
  body: '2',
  from: '595995380999'
}
[handleMsg]:  {
  key: {
    remoteJid: '595995380999@s.whatsapp.net',
    fromMe: false,
    id: '3A6B654CCE1043B7995C',
    participant: undefined
  },
  messageTimestamp: 1728526679,
  pushName: 'Marco',
  broadcast: false,
  message: Message {
    conversation: '2',
    messageContextInfo: MessageContextInfo {
      deviceListMetadata: [DeviceListMetadata],
      deviceListMetadataVersion: 2,
      messageSecret: [Uint8Array]
    }
  },
  body: '2',
  from: '595995380999'
}
[handleMsg]:  {
  key: {
    remoteJid: '595995380999@s.whatsapp.net',
    fromMe: false,
    id: '3AE4862F868417290F9A',
    participant: undefined
  },
  messageTimestamp: 1728526685,
  pushName: 'Marco',
  broadcast: false,
  message: Message {
    conversation: 'boy',
    messageContextInfo: MessageContextInfo {
      deviceListMetadata: [DeviceListMetadata],
      deviceListMetadataVersion: 2,
      messageSecret: [Uint8Array]
    }
  },
  body: 'boy',
  from: '595995380999'
}
[handleMsg]:  {
  key: {
    remoteJid: '595995380999@s.whatsapp.net',
    fromMe: false,
    id: '3A8599262E7DB4509B47',
    participant: undefined
  },
  messageTimestamp: 1728526689,
  pushName: 'Marco',
  broadcast: false,
  message: Message {
    conversation: 'bot',
    messageContextInfo: MessageContextInfo {
      deviceListMetadata: [DeviceListMetadata],
      deviceListMetadataVersion: 2,
      messageSecret: [Uint8Array]
    }
  },
  body: 'bot',
  from: '595995380999'
}
[QUEUE_SE_ENVIO]:  {
  ref: 'ans_4b43ff17-ed3d-489e-95e7-e8bc98cfdab2',
  keyword: 'key_6b599c08-4634-49bc-be2a-f29b10082a7c',
  answer: '__call_action__',
  options: {
    media: null,
    buttons: [],
    capture: false,
    child: null,
    delay: 0,
    idle: null,
    ref: null,
    nested: [],
    keyword: {},
    callback: true
  },
  refSerialize: '0ae448975732e0f2c00eff23a1e1311a'
}
[handleMsg]:  {
  key: {
    remoteJid: '595995380999@s.whatsapp.net',
    fromMe: false,
    id: '3A9FA85CC3C152EB057F',
    participant: undefined
  },
  messageTimestamp: 1728526702,
  pushName: 'Marco',
  broadcast: false,
  message: Message {
    conversation: '123456789-0',
    messageContextInfo: MessageContextInfo {
      deviceListMetadata: [DeviceListMetadata],
      deviceListMetadataVersion: 2,
      messageSecret: [Uint8Array]
    }
  },
  body: '123456789-0',
  from: '595995380999'
}
[handleMsg]:  {
  key: {
    remoteJid: '595995380999@s.whatsapp.net',
    fromMe: false,
    id: '3ABA7EA50EB296F08920',
    participant: undefined
  },
  messageTimestamp: 1728526715,
  pushName: 'Marco',
  broadcast: false,
  message: Message {
    conversation: 'Luis Carlos Lopez',
    messageContextInfo: MessageContextInfo {
      deviceListMetadata: [DeviceListMetadata],
      deviceListMetadataVersion: 2,
      messageSecret: [Uint8Array]
    }
  },
  body: 'Luis Carlos Lopez',
  from: '595995380999'
}
[handleMsg]:  {
  key: {
    remoteJid: '595995380999@s.whatsapp.net',
    fromMe: false,
    id: '3A4DC25E7D27182FE0E6',
    participant: undefined
  },
  messageTimestamp: 1728526728,
  pushName: 'Marco',
  broadcast: false,
  message: Message {
    conversation: '1',
    messageContextInfo: MessageContextInfo {
      deviceListMetadata: [DeviceListMetadata],
      deviceListMetadataVersion: 2,
      messageSecret: [Uint8Array]
    }
  },
  body: '1',
  from: '595995380999'
}
[handleMsg]:  {
  key: {
    remoteJid: '595995380999@s.whatsapp.net',
    fromMe: false,
    id: '3AF60D8995A09C8B42E9',
    participant: undefined
  },
  messageTimestamp: 1728526737,
  pushName: 'Marco',
  broadcast: false,
  message: Message {
    conversation: '2',
    messageContextInfo: MessageContextInfo {
      deviceListMetadata: [DeviceListMetadata],
      deviceListMetadataVersion: 2,
      messageSecret: [Uint8Array]
    }
  },
  body: '2',
  from: '595995380999'
}
[handleMsg]:  {
  key: {
    remoteJid: '595995380999@s.whatsapp.net',
    fromMe: false,
    id: '3A56CE72E16847C89A95',
    participant: undefined
  },
  messageTimestamp: 1728526762,
  pushName: 'Marco',
  broadcast: false,
  message: Message {
    conversation: 'san bernardo',
    messageContextInfo: MessageContextInfo {
      deviceListMetadata: [DeviceListMetadata],
      deviceListMetadataVersion: 2,
      messageSecret: [Uint8Array]
    }
  },
  body: 'san bernardo',
  from: '595995380999'
}
[handleMsg]:  {
  key: {
    remoteJid: '595995380999@s.whatsapp.net',
    fromMe: false,
    id: '3AF3DF26B96BA2FE14F1',
    participant: undefined
  },
  messageTimestamp: 1728526781,
  pushName: 'Marco',
  broadcast: false,
  message: Message {
    conversation: 'Calle posadas 123, san bernardo, metropolitano',
    messageContextInfo: MessageContextInfo {
      deviceListMetadata: [DeviceListMetadata],
      deviceListMetadataVersion: 2,
      messageSecret: [Uint8Array]
    }
  },
  body: 'Calle posadas 123, san bernardo, metropolitano',
  from: '595995380999'
}
[handleMsg]:  {
  key: {
    remoteJid: '595995380999@s.whatsapp.net',
    fromMe: false,
    id: '3ABB0BA58AD927F5433A',
    participant: undefined
  },
  messageTimestamp: 1728526792,
  pushName: 'Marco',
  broadcast: false,
  message: Message {
    conversation: '1',
    messageContextInfo: MessageContextInfo {
      deviceListMetadata: [DeviceListMetadata],
      deviceListMetadataVersion: 2,
      messageSecret: [Uint8Array]
    }
  },
  body: '1',
  from: '595995380999'
}
[handleMsg]:  {
  key: {
    remoteJid: '595995380999@s.whatsapp.net',
    fromMe: false,
    id: '3A9EEC7E5BAA0E4C4218',
    participant: undefined
  },
  messageTimestamp: 1728526802,
  pushName: 'Marco',
  broadcast: false,
  message: Message {
    conversation: '5',
    messageContextInfo: MessageContextInfo {
      deviceListMetadata: [DeviceListMetadata],
      deviceListMetadataVersion: 2,
      messageSecret: [Uint8Array]
    }
  },
  body: '5',
  from: '595995380999'
}
[handleMsg]:  {
  key: {
    remoteJid: '595995380999@s.whatsapp.net',
    fromMe: false,
    id: '3A7C67793187EDCAA051',
    participant: undefined
  },
  messageTimestamp: 1728526846,
  pushName: 'Marco',
  broadcast: false,
  message: Message {
    conversation: 'Cual es el horario de atención? Y me podrías decir el precio de los cilindros en la comuna de san bernardo ?',
    messageContextInfo: MessageContextInfo {
      deviceListMetadata: [DeviceListMetadata],
      deviceListMetadataVersion: 2,
      messageSecret: [Uint8Array]
    }
  },
  body: 'Cual es el horario de atención? Y me podrías decir el precio de los cilindros en la comuna de san bernardo ?',
  from: '595995380999'
}
[handleMsg]:  {
  key: {
    remoteJid: '595995380999@s.whatsapp.net',
    fromMe: false,
    id: '3AE22FBF6481124F001F',
    participant: undefined
  },
  messageTimestamp: 1728526883,
  pushName: 'Marco',
  broadcast: false,
  message: Message {
    conversation: 'Los precios en las condes me podrías decir ?',
    messageContextInfo: MessageContextInfo {
      deviceListMetadata: [DeviceListMetadata],
      deviceListMetadataVersion: 2,
      messageSecret: [Uint8Array]
    }
  },
  body: 'Los precios en las condes me podrías decir ?',
  from: '595995380999'
}
